Internal ctest changing into directory: D:/projects/misis2023f-23-check/misis2024s-23-03-serdeshnov-v-s/build.check
Test project D:/projects/misis2023f-23-check/misis2024s-23-03-serdeshnov-v-s/build.check
      Start  1: doctest_bitset
Could not find executable D:/projects/misis2023f-23-check/misis2024s-23-03-serdeshnov-v-s/bin.check/doctest_bitset.exe
Looked in the following places:
D:/projects/misis2023f-23-check/misis2024s-23-03-serdeshnov-v-s/bin.check/doctest_bitset.exe
D:/projects/misis2023f-23-check/misis2024s-23-03-serdeshnov-v-s/bin.check/doctest_bitset.exe.exe
D:/projects/misis2023f-23-check/misis2024s-23-03-serdeshnov-v-s/bin.check/Release/doctest_bitset.exe
D:/projects/misis2023f-23-check/misis2024s-23-03-serdeshnov-v-s/bin.check/Release/doctest_bitset.exe.exe
Release/D:/projects/misis2023f-23-check/misis2024s-23-03-serdeshnov-v-s/bin.check/doctest_bitset.exe
Release/D:/projects/misis2023f-23-check/misis2024s-23-03-serdeshnov-v-s/bin.check/doctest_bitset.exe.exe
 1/20 Test  #1: doctest_bitset ...................***Not Run   0.00 sec
      Start  2: doctest_bitset_m
Could not find executable D:/projects/misis2023f-23-check/misis2024s-23-03-serdeshnov-v-s/bin.check/doctest_bitset_m.exe
Looked in the following places:
D:/projects/misis2023f-23-check/misis2024s-23-03-serdeshnov-v-s/bin.check/doctest_bitset_m.exe
D:/projects/misis2023f-23-check/misis2024s-23-03-serdeshnov-v-s/bin.check/doctest_bitset_m.exe.exe
D:/projects/misis2023f-23-check/misis2024s-23-03-serdeshnov-v-s/bin.check/Release/doctest_bitset_m.exe
D:/projects/misis2023f-23-check/misis2024s-23-03-serdeshnov-v-s/bin.check/Release/doctest_bitset_m.exe.exe
Release/D:/projects/misis2023f-23-check/misis2024s-23-03-serdeshnov-v-s/bin.check/doctest_bitset_m.exe
Release/D:/projects/misis2023f-23-check/misis2024s-23-03-serdeshnov-v-s/bin.check/doctest_bitset_m.exe.exe
 2/20 Test  #2: doctest_bitset_m .................***Not Run   0.00 sec
      Start  3: doctest_complex
      Start  4: doctest_complex_io
      Start  5: doctest_complex_m
      Start  6: doctest_rational
Could not find executable D:/projects/misis2023f-23-check/misis2024s-23-03-serdeshnov-v-s/bin.check/doctest_rational.exe
Looked in the following places:
D:/projects/misis2023f-23-check/misis2024s-23-03-serdeshnov-v-s/bin.check/doctest_rational.exe
D:/projects/misis2023f-23-check/misis2024s-23-03-serdeshnov-v-s/bin.check/doctest_rational.exe.exe
D:/projects/misis2023f-23-check/misis2024s-23-03-serdeshnov-v-s/bin.check/Release/doctest_rational.exe
D:/projects/misis2023f-23-check/misis2024s-23-03-serdeshnov-v-s/bin.check/Release/doctest_rational.exe.exe
Release/D:/projects/misis2023f-23-check/misis2024s-23-03-serdeshnov-v-s/bin.check/doctest_rational.exe
Release/D:/projects/misis2023f-23-check/misis2024s-23-03-serdeshnov-v-s/bin.check/doctest_rational.exe.exe
 3/20 Test  #6: doctest_rational .................***Not Run   0.00 sec
      Start  7: doctest_rational_io
Could not find executable D:/projects/misis2023f-23-check/misis2024s-23-03-serdeshnov-v-s/bin.check/doctest_rational_io.exe
Looked in the following places:
D:/projects/misis2023f-23-check/misis2024s-23-03-serdeshnov-v-s/bin.check/doctest_rational_io.exe
D:/projects/misis2023f-23-check/misis2024s-23-03-serdeshnov-v-s/bin.check/doctest_rational_io.exe.exe
D:/projects/misis2023f-23-check/misis2024s-23-03-serdeshnov-v-s/bin.check/Release/doctest_rational_io.exe
D:/projects/misis2023f-23-check/misis2024s-23-03-serdeshnov-v-s/bin.check/Release/doctest_rational_io.exe.exe
Release/D:/projects/misis2023f-23-check/misis2024s-23-03-serdeshnov-v-s/bin.check/doctest_rational_io.exe
Release/D:/projects/misis2023f-23-check/misis2024s-23-03-serdeshnov-v-s/bin.check/doctest_rational_io.exe.exe
 4/20 Test  #7: doctest_rational_io ..............***Not Run   0.00 sec
      Start  8: doctest_rational_m
Could not find executable D:/projects/misis2023f-23-check/misis2024s-23-03-serdeshnov-v-s/bin.check/doctest_rational_m.exe
Looked in the following places:
D:/projects/misis2023f-23-check/misis2024s-23-03-serdeshnov-v-s/bin.check/doctest_rational_m.exe
D:/projects/misis2023f-23-check/misis2024s-23-03-serdeshnov-v-s/bin.check/doctest_rational_m.exe.exe
D:/projects/misis2023f-23-check/misis2024s-23-03-serdeshnov-v-s/bin.check/Release/doctest_rational_m.exe
D:/projects/misis2023f-23-check/misis2024s-23-03-serdeshnov-v-s/bin.check/Release/doctest_rational_m.exe.exe
Release/D:/projects/misis2023f-23-check/misis2024s-23-03-serdeshnov-v-s/bin.check/doctest_rational_m.exe
Release/D:/projects/misis2023f-23-check/misis2024s-23-03-serdeshnov-v-s/bin.check/doctest_rational_m.exe.exe
 5/20 Test  #8: doctest_rational_m ...............***Not Run   0.00 sec
      Start  9: doctest_dynarr
Could not find executable D:/projects/misis2023f-23-check/misis2024s-23-03-serdeshnov-v-s/bin.check/doctest_dynarr.exe
Looked in the following places:
D:/projects/misis2023f-23-check/misis2024s-23-03-serdeshnov-v-s/bin.check/doctest_dynarr.exe
D:/projects/misis2023f-23-check/misis2024s-23-03-serdeshnov-v-s/bin.check/doctest_dynarr.exe.exe
D:/projects/misis2023f-23-check/misis2024s-23-03-serdeshnov-v-s/bin.check/Release/doctest_dynarr.exe
D:/projects/misis2023f-23-check/misis2024s-23-03-serdeshnov-v-s/bin.check/Release/doctest_dynarr.exe.exe
Release/D:/projects/misis2023f-23-check/misis2024s-23-03-serdeshnov-v-s/bin.check/doctest_dynarr.exe
Release/D:/projects/misis2023f-23-check/misis2024s-23-03-serdeshnov-v-s/bin.check/doctest_dynarr.exe.exe
 6/20 Test  #9: doctest_dynarr ...................***Not Run   0.00 sec
      Start 10: doctest_dynarr_m
Could not find executable D:/projects/misis2023f-23-check/misis2024s-23-03-serdeshnov-v-s/bin.check/doctest_dynarr_m.exe
Looked in the following places:
D:/projects/misis2023f-23-check/misis2024s-23-03-serdeshnov-v-s/bin.check/doctest_dynarr_m.exe
D:/projects/misis2023f-23-check/misis2024s-23-03-serdeshnov-v-s/bin.check/doctest_dynarr_m.exe.exe
D:/projects/misis2023f-23-check/misis2024s-23-03-serdeshnov-v-s/bin.check/Release/doctest_dynarr_m.exe
D:/projects/misis2023f-23-check/misis2024s-23-03-serdeshnov-v-s/bin.check/Release/doctest_dynarr_m.exe.exe
Release/D:/projects/misis2023f-23-check/misis2024s-23-03-serdeshnov-v-s/bin.check/doctest_dynarr_m.exe
Release/D:/projects/misis2023f-23-check/misis2024s-23-03-serdeshnov-v-s/bin.check/doctest_dynarr_m.exe.exe
 7/20 Test #10: doctest_dynarr_m .................***Not Run   0.00 sec
      Start 11: doctest_queuearr
Could not find executable D:/projects/misis2023f-23-check/misis2024s-23-03-serdeshnov-v-s/bin.check/doctest_queuearr.exe
Looked in the following places:
D:/projects/misis2023f-23-check/misis2024s-23-03-serdeshnov-v-s/bin.check/doctest_queuearr.exe
D:/projects/misis2023f-23-check/misis2024s-23-03-serdeshnov-v-s/bin.check/doctest_queuearr.exe.exe
D:/projects/misis2023f-23-check/misis2024s-23-03-serdeshnov-v-s/bin.check/Release/doctest_queuearr.exe
D:/projects/misis2023f-23-check/misis2024s-23-03-serdeshnov-v-s/bin.check/Release/doctest_queuearr.exe.exe
Release/D:/projects/misis2023f-23-check/misis2024s-23-03-serdeshnov-v-s/bin.check/doctest_queuearr.exe
Release/D:/projects/misis2023f-23-check/misis2024s-23-03-serdeshnov-v-s/bin.check/doctest_queuearr.exe.exe
 8/20 Test #11: doctest_queuearr .................***Not Run   0.00 sec
      Start 12: doctest_queuearr_m
Could not find executable D:/projects/misis2023f-23-check/misis2024s-23-03-serdeshnov-v-s/bin.check/doctest_queuearr_m.exe
Looked in the following places:
D:/projects/misis2023f-23-check/misis2024s-23-03-serdeshnov-v-s/bin.check/doctest_queuearr_m.exe
D:/projects/misis2023f-23-check/misis2024s-23-03-serdeshnov-v-s/bin.check/doctest_queuearr_m.exe.exe
D:/projects/misis2023f-23-check/misis2024s-23-03-serdeshnov-v-s/bin.check/Release/doctest_queuearr_m.exe
D:/projects/misis2023f-23-check/misis2024s-23-03-serdeshnov-v-s/bin.check/Release/doctest_queuearr_m.exe.exe
Release/D:/projects/misis2023f-23-check/misis2024s-23-03-serdeshnov-v-s/bin.check/doctest_queuearr_m.exe
Release/D:/projects/misis2023f-23-check/misis2024s-23-03-serdeshnov-v-s/bin.check/doctest_queuearr_m.exe.exe
 9/20 Test #12: doctest_queuearr_m ...............***Not Run   0.00 sec
      Start 13: doctest_queuelst
Could not find executable D:/projects/misis2023f-23-check/misis2024s-23-03-serdeshnov-v-s/bin.check/doctest_queuelst.exe
Looked in the following places:
D:/projects/misis2023f-23-check/misis2024s-23-03-serdeshnov-v-s/bin.check/doctest_queuelst.exe
D:/projects/misis2023f-23-check/misis2024s-23-03-serdeshnov-v-s/bin.check/doctest_queuelst.exe.exe
D:/projects/misis2023f-23-check/misis2024s-23-03-serdeshnov-v-s/bin.check/Release/doctest_queuelst.exe
D:/projects/misis2023f-23-check/misis2024s-23-03-serdeshnov-v-s/bin.check/Release/doctest_queuelst.exe.exe
Release/D:/projects/misis2023f-23-check/misis2024s-23-03-serdeshnov-v-s/bin.check/doctest_queuelst.exe
Release/D:/projects/misis2023f-23-check/misis2024s-23-03-serdeshnov-v-s/bin.check/doctest_queuelst.exe.exe
10/20 Test #13: doctest_queuelst .................***Not Run   0.00 sec
      Start 14: doctest_queuelst_m
Could not find executable D:/projects/misis2023f-23-check/misis2024s-23-03-serdeshnov-v-s/bin.check/doctest_queuelst_m.exe
Looked in the following places:
D:/projects/misis2023f-23-check/misis2024s-23-03-serdeshnov-v-s/bin.check/doctest_queuelst_m.exe
D:/projects/misis2023f-23-check/misis2024s-23-03-serdeshnov-v-s/bin.check/doctest_queuelst_m.exe.exe
D:/projects/misis2023f-23-check/misis2024s-23-03-serdeshnov-v-s/bin.check/Release/doctest_queuelst_m.exe
D:/projects/misis2023f-23-check/misis2024s-23-03-serdeshnov-v-s/bin.check/Release/doctest_queuelst_m.exe.exe
Release/D:/projects/misis2023f-23-check/misis2024s-23-03-serdeshnov-v-s/bin.check/doctest_queuelst_m.exe
Release/D:/projects/misis2023f-23-check/misis2024s-23-03-serdeshnov-v-s/bin.check/doctest_queuelst_m.exe.exe
11/20 Test #14: doctest_queuelst_m ...............***Not Run   0.00 sec
      Start 15: doctest_queuelstpr
Could not find executable D:/projects/misis2023f-23-check/misis2024s-23-03-serdeshnov-v-s/bin.check/doctest_queuelstpr.exe
Looked in the following places:
D:/projects/misis2023f-23-check/misis2024s-23-03-serdeshnov-v-s/bin.check/doctest_queuelstpr.exe
D:/projects/misis2023f-23-check/misis2024s-23-03-serdeshnov-v-s/bin.check/doctest_queuelstpr.exe.exe
D:/projects/misis2023f-23-check/misis2024s-23-03-serdeshnov-v-s/bin.check/Release/doctest_queuelstpr.exe
D:/projects/misis2023f-23-check/misis2024s-23-03-serdeshnov-v-s/bin.check/Release/doctest_queuelstpr.exe.exe
Release/D:/projects/misis2023f-23-check/misis2024s-23-03-serdeshnov-v-s/bin.check/doctest_queuelstpr.exe
Release/D:/projects/misis2023f-23-check/misis2024s-23-03-serdeshnov-v-s/bin.check/doctest_queuelstpr.exe.exe
12/20 Test #15: doctest_queuelstpr ...............***Not Run   0.00 sec
      Start 16: doctest_queuelstpr_m
Could not find executable D:/projects/misis2023f-23-check/misis2024s-23-03-serdeshnov-v-s/bin.check/doctest_queuelstpr_m.exe
Looked in the following places:
D:/projects/misis2023f-23-check/misis2024s-23-03-serdeshnov-v-s/bin.check/doctest_queuelstpr_m.exe
D:/projects/misis2023f-23-check/misis2024s-23-03-serdeshnov-v-s/bin.check/doctest_queuelstpr_m.exe.exe
D:/projects/misis2023f-23-check/misis2024s-23-03-serdeshnov-v-s/bin.check/Release/doctest_queuelstpr_m.exe
D:/projects/misis2023f-23-check/misis2024s-23-03-serdeshnov-v-s/bin.check/Release/doctest_queuelstpr_m.exe.exe
Release/D:/projects/misis2023f-23-check/misis2024s-23-03-serdeshnov-v-s/bin.check/doctest_queuelstpr_m.exe
Release/D:/projects/misis2023f-23-check/misis2024s-23-03-serdeshnov-v-s/bin.check/doctest_queuelstpr_m.exe.exe
13/20 Test #16: doctest_queuelstpr_m .............***Not Run   0.00 sec
      Start 17: doctest_stackarr
Could not find executable D:/projects/misis2023f-23-check/misis2024s-23-03-serdeshnov-v-s/bin.check/doctest_stackarr.exe
Looked in the following places:
D:/projects/misis2023f-23-check/misis2024s-23-03-serdeshnov-v-s/bin.check/doctest_stackarr.exe
D:/projects/misis2023f-23-check/misis2024s-23-03-serdeshnov-v-s/bin.check/doctest_stackarr.exe.exe
D:/projects/misis2023f-23-check/misis2024s-23-03-serdeshnov-v-s/bin.check/Release/doctest_stackarr.exe
D:/projects/misis2023f-23-check/misis2024s-23-03-serdeshnov-v-s/bin.check/Release/doctest_stackarr.exe.exe
Release/D:/projects/misis2023f-23-check/misis2024s-23-03-serdeshnov-v-s/bin.check/doctest_stackarr.exe
Release/D:/projects/misis2023f-23-check/misis2024s-23-03-serdeshnov-v-s/bin.check/doctest_stackarr.exe.exe
14/20 Test #17: doctest_stackarr .................***Not Run   0.00 sec
      Start 18: doctest_stackarr_m
Could not find executable D:/projects/misis2023f-23-check/misis2024s-23-03-serdeshnov-v-s/bin.check/doctest_stackarr_m.exe
Looked in the following places:
D:/projects/misis2023f-23-check/misis2024s-23-03-serdeshnov-v-s/bin.check/doctest_stackarr_m.exe
D:/projects/misis2023f-23-check/misis2024s-23-03-serdeshnov-v-s/bin.check/doctest_stackarr_m.exe.exe
D:/projects/misis2023f-23-check/misis2024s-23-03-serdeshnov-v-s/bin.check/Release/doctest_stackarr_m.exe
D:/projects/misis2023f-23-check/misis2024s-23-03-serdeshnov-v-s/bin.check/Release/doctest_stackarr_m.exe.exe
Release/D:/projects/misis2023f-23-check/misis2024s-23-03-serdeshnov-v-s/bin.check/doctest_stackarr_m.exe
Release/D:/projects/misis2023f-23-check/misis2024s-23-03-serdeshnov-v-s/bin.check/doctest_stackarr_m.exe.exe
15/20 Test #18: doctest_stackarr_m ...............***Not Run   0.00 sec
      Start 19: doctest_stacklst
      Start 20: doctest_stacklst_m
16/20 Test  #3: doctest_complex ..................***Failed    0.02 sec
17/20 Test  #4: doctest_complex_io ...............***Failed    0.02 sec
18/20 Test  #5: doctest_complex_m ................   Passed    0.02 sec
19/20 Test #19: doctest_stacklst .................Exit code 0xc0000374
***Exception:   0.05 sec
20/20 Test #20: doctest_stacklst_m ...............Exit code 0xc0000374
***Exception:   0.05 sec

5% tests passed, 19 tests failed out of 20

Total Test time (real) =   0.07 sec

The following tests FAILED:
	  1 - doctest_bitset (Not Run)
	  2 - doctest_bitset_m (Not Run)
	  3 - doctest_complex (Failed)
	  4 - doctest_complex_io (Failed)
	  6 - doctest_rational (Not Run)
	  7 - doctest_rational_io (Not Run)
	  8 - doctest_rational_m (Not Run)
	  9 - doctest_dynarr (Not Run)
	 10 - doctest_dynarr_m (Not Run)
	 11 - doctest_queuearr (Not Run)
	 12 - doctest_queuearr_m (Not Run)
	 13 - doctest_queuelst (Not Run)
	 14 - doctest_queuelst_m (Not Run)
	 15 - doctest_queuelstpr (Not Run)
	 16 - doctest_queuelstpr_m (Not Run)
	 17 - doctest_stackarr (Not Run)
	 18 - doctest_stackarr_m (Not Run)
	 19 - doctest_stacklst (Exit code 0xc0000374
)
	 20 - doctest_stacklst_m (Exit code 0xc0000374
)
